Ansys Lumerical 2020 R2.4 FDTD Solver Version 8.24.2502 (Windows 64bit)
 expires (month/day/year): 12/31/2035
using config file: Ansys Licensing set with ANSYSLMD_LICENSE_FILE
license host: 
current time: Thu Feb 25 22:23:07 2021
Running on host: MyComputer
host available memory (GB): 1.443738
All processes are communicating and ready to proceed to simulation...
Running fsp file: C:\Program Files\Lumerical\v202\bin\fdtd-engine-msmpi.exe -t 1 -remote D:/Works and Studies/Photonic/Lumerical/models/mopc8/MOPC_1layers.fsp
number of processors is 4
processors are distributed as: 1x4x1
Running 2D Simulation
Starting meshing
Simulation size in gridpoints: 61 x 32 x 1
Refined 0 mesh cells (0%)
Completed meshing!
Meshing complete in 0 seconds of CPU time
0 0
Starting meshing
Simulation size in gridpoints: 61 x 32 x 1
Refined 0 mesh cells (0%)
Completed meshing!
Meshing complete in 0 seconds of CPU time
0 0
finished material properties
Selected kernel with optimization level: 2 and split-field propagation direction: 0
Starting meshing
Simulation size in gridpoints: 61 x 32 x 1
Refined 0 mesh cells (0%)
Completed meshing!
Meshing complete in 0 seconds of CPU time
0 0
Selected kernel with optimization level: 2 and split-field propagation direction: 0
-----------------------------------------
Beginning initialization of 2D FDTD Simulation
  Including TE Simulation
  Including TM Simulation
Starting to add sources to simulation

Adding Gaussian source propagating in Y
Starting to add boundary conditions to simulation
Adding periodic BC
Adding periodic BC
Adding PML BC
Adding parallel BC
Starting to add monitors to Simulation
Adding analysis monitor
Adding frequency monitor
Finished initialization of 2D Simulation
-----------------------------------------
All processes are communicating and ready to proceed to simulation...
Starting 107522 total iterations
0.0446421% complete. Max time remaining: 43 secs. Auto Shutoff: 1
1.88985% complete. Max time remaining: 38 secs. Auto Shutoff: 1.06139e-05
100% complete. Max time remaining: 0 mins, 0 secs. Auto Shutoff: 9.94166e-06
Early termination of simulation, the autoshutoff criteria are satisfied.
Completed 2122 iterations, or 9.867768e-14s of Simulation Time
Process 0 starting to collect data
    collecting TM monitor data
    collecting TE monitor data
    collecting TM source data
    collecting TE source data
Finished collecting data
Simulation completed successfully at: Thu Feb 25 22:23:07 2021
Overall wall time measurements in seconds: 2.14561
    time to mesh and initialize: 0.0259297
    time to run FDTD simulation: 0.76687
    time to checkpoint simulation: 3e-07
    time to finalize data and save to files: 0.0414611
    miscellaneous time: 1.31131
    FDTD solver speed on process 0: 5.40137 Mnodes/s
    total FDTD solver speed on 4 processes: 21.6055 Mnodes/s
