Ansys Lumerical 2020 R2.4 FDTD Solver Version 8.24.2502 (Windows 64bit)
 expires (month/day/year): 12/31/2035
using config file: Ansys Licensing set with ANSYSLMD_LICENSE_FILE
license host: 
current time: Wed Feb 24 23:57:50 2021
Running on host: MyComputer
host available memory (GB): 1.989607
All processes are communicating and ready to proceed to simulation...
Running fsp file: C:\Program Files\Lumerical\v202\bin\fdtd-engine-msmpi.exe -t 1 -remote D:/Works and Studies/Photonic/Lumerical/models/mopc8/MOPC_8layers.fsp
number of processors is 4
processors are distributed as: 1x4x1
Running 2D Simulation
Starting meshing
Simulation size in gridpoints: 119 x 307 x 1
Refined 0 mesh cells (0%)
Completed meshing!
Meshing complete in 0.015625 seconds of CPU time
0 0
Starting meshing
Simulation size in gridpoints: 119 x 307 x 1
Refined 0 mesh cells (0%)
Completed meshing!
Meshing complete in 0.015625 seconds of CPU time
0 0
finished material properties
Selected kernel with optimization level: 2 and split-field propagation direction: 0
Starting meshing
Simulation size in gridpoints: 119 x 307 x 1
Refined 0 mesh cells (0%)
Completed meshing!
Meshing complete in 0.015625 seconds of CPU time
0 0
Selected kernel with optimization level: 2 and split-field propagation direction: 0
-----------------------------------------
Beginning initialization of 2D FDTD Simulation
  Including TE Simulation
  Including TM Simulation
Starting to add sources to simulation

Adding Gaussian source propagating in Y
Starting to add boundary conditions to simulation
Adding periodic BC
Adding periodic BC
Adding PML BC
Adding parallel BC
Starting to add monitors to Simulation
Adding analysis monitor
Adding frequency monitor
Adding frequency monitor
Finished initialization of 2D Simulation
-----------------------------------------
All processes are communicating and ready to proceed to simulation...
Starting 42825 total iterations
0.112083% complete. Max time remaining: 4 mins, 8 secs. Auto Shutoff: 1
1.15819% complete. Max time remaining: 4 mins, 6 secs. Auto Shutoff: 1
2.35375% complete. Max time remaining: 4 mins, 19 secs. Auto Shutoff: 1
3.5493% complete. Max time remaining: 4 mins, 26 secs. Auto Shutoff: 1
4.74486% complete. Max time remaining: 4 mins, 28 secs. Auto Shutoff: 1
5.94041% complete. Max time remaining: 4 mins, 27 secs. Auto Shutoff: 1
7.13597% complete. Max time remaining: 4 mins, 26 secs. Auto Shutoff: 1
8.33152% complete. Max time remaining: 4 mins, 23 secs. Auto Shutoff: 0.760361
9.52708% complete. Max time remaining: 4 mins, 21 secs. Auto Shutoff: 0.430269
10.7226% complete. Max time remaining: 4 mins, 19 secs. Auto Shutoff: 0.156198
11.9182% complete. Max time remaining: 4 mins, 16 secs. Auto Shutoff: 0.117495
13.1137% complete. Max time remaining: 4 mins, 13 secs. Auto Shutoff: 0.0982855
14.3093% complete. Max time remaining: 4 mins, 10 secs. Auto Shutoff: 0.0677019
15.5049% complete. Max time remaining: 4 mins, 7 secs. Auto Shutoff: 0.0402517
16.7004% complete. Max time remaining: 4 mins, 4 secs. Auto Shutoff: 0.0318961
17.896% complete. Max time remaining: 3 mins, 60 secs. Auto Shutoff: 0.02775
19.0915% complete. Max time remaining: 3 mins, 56 secs. Auto Shutoff: 0.0183606
20.2871% complete. Max time remaining: 3 mins, 53 secs. Auto Shutoff: 0.0142917
21.4826% complete. Max time remaining: 3 mins, 50 secs. Auto Shutoff: 0.0123041
22.6782% complete. Max time remaining: 3 mins, 46 secs. Auto Shutoff: 0.0099629
23.8737% complete. Max time remaining: 3 mins, 43 secs. Auto Shutoff: 0.0072403
25.0693% complete. Max time remaining: 3 mins, 39 secs. Auto Shutoff: 0.00610343
26.2648% complete. Max time remaining: 3 mins, 36 secs. Auto Shutoff: 0.00503454
27.4604% complete. Max time remaining: 3 mins, 32 secs. Auto Shutoff: 0.00418728
28.656% complete. Max time remaining: 3 mins, 29 secs. Auto Shutoff: 0.00359628
29.8515% complete. Max time remaining: 3 mins, 25 secs. Auto Shutoff: 0.00301306
31.0471% complete. Max time remaining: 3 mins, 22 secs. Auto Shutoff: 0.00254945
32.2426% complete. Max time remaining: 3 mins, 18 secs. Auto Shutoff: 0.00228482
33.4382% complete. Max time remaining: 3 mins, 16 secs. Auto Shutoff: 0.00200972
34.6337% complete. Max time remaining: 3 mins, 14 secs. Auto Shutoff: 0.00177914
35.8293% complete. Max time remaining: 3 mins, 10 secs. Auto Shutoff: 0.0015974
37.0248% complete. Max time remaining: 3 mins, 7 secs. Auto Shutoff: 0.00140391
38.2204% complete. Max time remaining: 3 mins, 3 secs. Auto Shutoff: 0.0012539
39.4159% complete. Max time remaining: 2 mins, 59 secs. Auto Shutoff: 0.00114785
40.6115% complete. Max time remaining: 2 mins, 56 secs. Auto Shutoff: 0.00108433
41.8071% complete. Max time remaining: 2 mins, 52 secs. Auto Shutoff: 0.000971813
43.0026% complete. Max time remaining: 2 mins, 49 secs. Auto Shutoff: 0.000874809
44.1982% complete. Max time remaining: 2 mins, 46 secs. Auto Shutoff: 0.000826713
45.3937% complete. Max time remaining: 2 mins, 43 secs. Auto Shutoff: 0.00076459
46.8882% complete. Max time remaining: 2 mins, 39 secs. Auto Shutoff: 0.000687121
48.0837% complete. Max time remaining: 2 mins, 35 secs. Auto Shutoff: 0.000643565
49.2793% complete. Max time remaining: 2 mins, 32 secs. Auto Shutoff: 0.0005935
50.4748% complete. Max time remaining: 2 mins, 28 secs. Auto Shutoff: 0.00054683
51.6704% complete. Max time remaining: 2 mins, 24 secs. Auto Shutoff: 0.000515613
52.8659% complete. Max time remaining: 2 mins, 21 secs. Auto Shutoff: 0.000485241
54.0615% complete. Max time remaining: 2 mins, 17 secs. Auto Shutoff: 0.000449238
55.257% complete. Max time remaining: 2 mins, 14 secs. Auto Shutoff: 0.00042182
56.4526% complete. Max time remaining: 2 mins, 10 secs. Auto Shutoff: 0.000394761
57.6482% complete. Max time remaining: 2 mins, 6 secs. Auto Shutoff: 0.000367611
58.8437% complete. Max time remaining: 2 mins, 3 secs. Auto Shutoff: 0.000347858
60.0393% complete. Max time remaining: 1 min, 59 secs. Auto Shutoff: 0.000322292
61.2348% complete. Max time remaining: 1 min, 56 secs. Auto Shutoff: 0.000304047
62.4304% complete. Max time remaining: 1 min, 52 secs. Auto Shutoff: 0.000288707
63.6259% complete. Max time remaining: 1 min, 48 secs. Auto Shutoff: 0.000268481
64.8215% complete. Max time remaining: 1 min, 45 secs. Auto Shutoff: 0.000253938
66.017% complete. Max time remaining: 1 min, 41 secs. Auto Shutoff: 0.000242194
67.2126% complete. Max time remaining: 1 min, 38 secs. Auto Shutoff: 0.000225413
68.4081% complete. Max time remaining: 1 min, 34 secs. Auto Shutoff: 0.000213173
69.6037% complete. Max time remaining: 1 min, 30 secs. Auto Shutoff: 0.000204104
70.7993% complete. Max time remaining: 1 min, 27 secs. Auto Shutoff: 0.000189845
71.9948% complete. Max time remaining: 1 min, 23 secs. Auto Shutoff: 0.000178721
73.1904% complete. Max time remaining: 1 min, 20 secs. Auto Shutoff: 0.000173296
74.3859% complete. Max time remaining: 1 min, 16 secs. Auto Shutoff: 0.000161994
75.5815% complete. Max time remaining: 1 min, 13 secs. Auto Shutoff: 0.000152211
76.777% complete. Max time remaining: 1 min, 9 secs. Auto Shutoff: 0.000147675
77.9726% complete. Max time remaining: 1 min, 5 secs. Auto Shutoff: 0.00013907
79.1681% complete. Max time remaining: 1 min, 2 secs. Auto Shutoff: 0.000131069
80.3637% complete. Max time remaining: 58 secs. Auto Shutoff: 0.000127588
81.5592% complete. Max time remaining: 55 secs. Auto Shutoff: 0.000120022
82.7548% complete. Max time remaining: 51 secs. Auto Shutoff: 0.000113308
83.9504% complete. Max time remaining: 48 secs. Auto Shutoff: 0.00010987
85.1459% complete. Max time remaining: 44 secs. Auto Shutoff: 0.000104504
86.3415% complete. Max time remaining: 41 secs. Auto Shutoff: 9.91726e-05
87.537% complete. Max time remaining: 37 secs. Auto Shutoff: 9.6289e-05
88.7326% complete. Max time remaining: 33 secs. Auto Shutoff: 9.17268e-05
89.9281% complete. Max time remaining: 30 secs. Auto Shutoff: 8.74229e-05
91.1237% complete. Max time remaining: 26 secs. Auto Shutoff: 8.52739e-05
92.3192% complete. Max time remaining: 23 secs. Auto Shutoff: 8.16664e-05
93.5148% complete. Max time remaining: 19 secs. Auto Shutoff: 7.75779e-05
94.7103% complete. Max time remaining: 16 secs. Auto Shutoff: 7.58372e-05
95.9059% complete. Max time remaining: 12 secs. Auto Shutoff: 7.3312e-05
97.4003% complete. Max time remaining: 8 secs. Auto Shutoff: 6.93362e-05
98.5959% complete. Max time remaining: 4 secs. Auto Shutoff: 6.7754e-05
99.7915% complete. Max time remaining: 1 secs. Auto Shutoff: 6.4635e-05
Completed 42825 iterations, or 9.999928e-13s of Simulation Time
Process 0 starting to collect data
    collecting TM monitor data
    collecting TE monitor data
    collecting TM source data
    collecting TE source data
Finished collecting data
Simulation completed successfully at: Thu Feb 25 00:02:48 2021
Overall wall time measurements in seconds: 298.581
    time to mesh and initialize: 0.121128
    time to run FDTD simulation: 297.27
    time to checkpoint simulation: 2e-07
    time to finalize data and save to files: 0.0793186
    miscellaneous time: 1.11073
    FDTD solver speed on process 0: 5.26298 Mnodes/s
    total FDTD solver speed on 4 processes: 21.0519 Mnodes/s
